<?xml version="1.0" encoding="UTF-8"?>
<!-- Generated by org.testng.reporters.JUnitReportReporter -->
<testsuite hostname="Hiteshs-MacBook-Pro.local" failures="0" tests="1" name="com.test.processOrder.ProcessOrderTest" time="1.223" errors="0" timestamp="22 Sep 2022 09:05:28 GMT">
  <testcase classname="com.test.processOrder.ProcessOrderTest" name="validategetUsers" time="1.223"/>
</testsuite> <!-- com.test.processOrder.ProcessOrderTest -->
